<?xml version="1.0" encoding="UTF-8"?>
<testng-results skipped="0" failed="1" total="3" passed="2">
  <reporter-output>
    <line>
      <![CDATA[Screenshots]]>
    </line>
    <line>
      <![CDATA[<a href=C:\Users\EIT-JAGADESHAN\eclipse-workspace\appsrd\screenshort\new-failed-test-case-login_with_incorrect_password[29_03_2021_05_10_39].png> <img width='200' height='100' src=C:\Users\EIT-JAGADESHAN\eclipse-workspace\appsrd\screenshort\new-failed-test-case-login_with_incorrect_password[29_03_2021_05_10_39].png> </a>]]>
    </line>
  </reporter-output>
  <suite name="SRDlogistics" duration-ms="69714" started-at="2021-03-29T11:40:14Z" finished-at="2021-03-29T11:41:24Z">
    <groups>
    </groups>
    <test name="Test" duration-ms="5" started-at="2021-03-29T11:40:14Z" finished-at="2021-03-29T11:40:14Z">
    </test> <!-- Test -->
    <test name="Login_testcase" duration-ms="69674" started-at="2021-03-29T11:40:14Z" finished-at="2021-03-29T11:41:24Z">
      <class name="com.appsrd.stepdefinition.login_page_test_cases">
        <test-method status="PASS" signature="browser(java.lang.String)[pri:0, instance:com.appsrd.stepdefinition.login_page_test_cases@6a024a67]" name="browser" is-config="true" duration-ms="22641" started-at="2021-03-29T17:10:14Z" finished-at="2021-03-29T17:10:37Z">
          <params>
            <param index="0">
              <value>
                <![CDATA[http://qa.appsrdlogistics.com/]]>
              </value>
            </param>
          </params>
          <reporter-output>
          </reporter-output>
        </test-method> <!-- browser -->
        <test-method status="FAIL" signature="login_with_incorrect_password(java.lang.String, java.lang.String, java.lang.String)[pri:0, instance:com.appsrd.stepdefinition.login_page_test_cases@6a024a67]" name="login_with_incorrect_password" duration-ms="1451" started-at="2021-03-29T17:10:37Z" finished-at="2021-03-29T17:10:38Z">
          <params>
            <param index="0">
              <value>
                <![CDATA[iqbal]]>
              </value>
            </param>
            <param index="1">
              <value>
                <![CDATA[xxxx]]>
              </value>
            </param>
            <param index="2">
              <value>
                <![CDATA[Incorrect Username or Password, please check login credential and try ]]>
              </value>
            </param>
          </params>
          <exception class="java.lang.AssertionError">
            <message>
              <![CDATA[it showsIncorrect Username or Password, please check login credential and try again. expected [true] but found [false]]]>
            </message>
            <full-stacktrace>
              <![CDATA[java.lang.AssertionError: it showsIncorrect Username or Password, please check login credential and try again. expected [true] but found [false]
	at org.testng.Assert.fail(Assert.java:94)
	at org.testng.Assert.failNotEquals(Assert.java:494)
	at org.testng.Assert.assertTrue(Assert.java:42)
	at com.appsrd.stepdefinition.login_page_test_cases.login_with_incorrect_password(login_page_test_cases.java:29)
	at sun.reflect.NativeMethodAccessorImpl.invoke0(Native Method)
	at sun.reflect.NativeMethodAccessorImpl.invoke(NativeMethodAccessorImpl.java:62)
	at sun.reflect.DelegatingMethodAccessorImpl.invoke(DelegatingMethodAccessorImpl.java:43)
	at java.lang.reflect.Method.invoke(Method.java:498)
	at org.testng.internal.MethodInvocationHelper.invokeMethod(MethodInvocationHelper.java:84)
	at org.testng.internal.Invoker.invokeMethod(Invoker.java:714)
	at org.testng.internal.Invoker.invokeTestMethod(Invoker.java:901)
	at org.testng.internal.Invoker.invokeTestMethods(Invoker.java:1231)
	at org.testng.internal.TestMethodWorker.invokeTestMethods(TestMethodWorker.java:127)
	at org.testng.internal.TestMethodWorker.run(TestMethodWorker.java:111)
	at org.testng.TestRunner.privateRun(TestRunner.java:767)
	at org.testng.TestRunner.run(TestRunner.java:617)
	at org.testng.SuiteRunner.runTest(SuiteRunner.java:334)
	at org.testng.SuiteRunner.runSequentially(SuiteRunner.java:329)
	at org.testng.SuiteRunner.privateRun(SuiteRunner.java:291)
	at org.testng.SuiteRunner.run(SuiteRunner.java:240)
	at org.testng.SuiteRunnerWorker.runSuite(SuiteRunnerWorker.java:52)
	at org.testng.SuiteRunnerWorker.run(SuiteRunnerWorker.java:86)
	at org.testng.TestNG.runSuitesSequentially(TestNG.java:1224)
	at org.testng.TestNG.runSuitesLocally(TestNG.java:1149)
	at org.testng.TestNG.run(TestNG.java:1057)
	at org.apache.maven.surefire.testng.TestNGExecutor.run(TestNGExecutor.java:283)
	at org.apache.maven.surefire.testng.TestNGXmlTestSuite.execute(TestNGXmlTestSuite.java:75)
	at org.apache.maven.surefire.testng.TestNGProvider.invoke(TestNGProvider.java:120)
	at org.apache.maven.surefire.booter.ForkedBooter.invokeProviderInSameClassLoader(ForkedBooter.java:373)
	at org.apache.maven.surefire.booter.ForkedBooter.runSuitesInProcess(ForkedBooter.java:334)
	at org.apache.maven.surefire.booter.ForkedBooter.execute(ForkedBooter.java:119)
	at org.apache.maven.surefire.booter.ForkedBooter.main(ForkedBooter.java:407)
]]>
            </full-stacktrace>
          </exception> <!-- java.lang.AssertionError -->
          <reporter-output>
            <line>
              <![CDATA[Screenshots]]>
            </line>
            <line>
              <![CDATA[<a href=C:\Users\EIT-JAGADESHAN\eclipse-workspace\appsrd\screenshort\new-failed-test-case-login_with_incorrect_password[29_03_2021_05_10_39].png> <img width='200' height='100' src=C:\Users\EIT-JAGADESHAN\eclipse-workspace\appsrd\screenshort\new-failed-test-case-login_with_incorrect_password[29_03_2021_05_10_39].png> </a>]]>
            </line>
          </reporter-output>
        </test-method> <!-- login_with_incorrect_password -->
        <test-method status="PASS" signature="close()[pri:0, instance:com.appsrd.stepdefinition.login_page_test_cases@6a024a67]" name="close" is-config="true" duration-ms="592" started-at="2021-03-29T17:10:39Z" finished-at="2021-03-29T17:10:40Z">
          <reporter-output>
          </reporter-output>
        </test-method> <!-- close -->
        <test-method status="PASS" signature="browser(java.lang.String)[pri:0, instance:com.appsrd.stepdefinition.login_page_test_cases@6a024a67]" name="browser" is-config="true" duration-ms="18644" started-at="2021-03-29T17:10:40Z" finished-at="2021-03-29T17:10:59Z">
          <params>
            <param index="0">
              <value>
                <![CDATA[http://qa.appsrdlogistics.com/]]>
              </value>
            </param>
          </params>
          <reporter-output>
          </reporter-output>
        </test-method> <!-- browser -->
        <test-method status="PASS" signature="login_with_correct__username_password(java.lang.String, java.lang.String, java.lang.String)[pri:0, instance:com.appsrd.stepdefinition.login_page_test_cases@6a024a67]" name="login_with_correct__username_password" duration-ms="10923" started-at="2021-03-29T17:10:59Z" finished-at="2021-03-29T17:11:09Z">
          <params>
            <param index="0">
              <value>
                <![CDATA[iqbal]]>
              </value>
            </param>
            <param index="1">
              <value>
                <![CDATA[4646]]>
              </value>
            </param>
            <param index="2">
              <value>
                <![CDATA[http://qa.appsrdlogistics.com/dashboard/classic]]>
              </value>
            </param>
          </params>
          <reporter-output>
          </reporter-output>
        </test-method> <!-- login_with_correct__username_password -->
        <test-method status="PASS" signature="close()[pri:0, instance:com.appsrd.stepdefinition.login_page_test_cases@6a024a67]" name="close" is-config="true" duration-ms="159" started-at="2021-03-29T17:11:09Z" finished-at="2021-03-29T17:11:10Z">
          <reporter-output>
          </reporter-output>
        </test-method> <!-- close -->
        <test-method status="PASS" signature="browser(java.lang.String)[pri:0, instance:com.appsrd.stepdefinition.login_page_test_cases@6a024a67]" name="browser" is-config="true" duration-ms="13943" started-at="2021-03-29T17:11:10Z" finished-at="2021-03-29T17:11:24Z">
          <params>
            <param index="0">
              <value>
                <![CDATA[http://qa.appsrdlogistics.com/]]>
              </value>
            </param>
          </params>
          <reporter-output>
          </reporter-output>
        </test-method> <!-- browser -->
        <test-method status="PASS" signature="Forget_password(java.lang.String, java.lang.String)[pri:0, instance:com.appsrd.stepdefinition.login_page_test_cases@6a024a67]" name="Forget_password" duration-ms="0" started-at="2021-03-29T17:11:24Z" finished-at="2021-03-29T17:11:24Z">
          <params>
            <param index="0">
              <value>
                <![CDATA[iqbal]]>
              </value>
            </param>
            <param index="1">
              <value>
                <![CDATA[4646]]>
              </value>
            </param>
          </params>
          <reporter-output>
          </reporter-output>
        </test-method> <!-- Forget_password -->
        <test-method status="PASS" signature="close()[pri:0, instance:com.appsrd.stepdefinition.login_page_test_cases@6a024a67]" name="close" is-config="true" duration-ms="128" started-at="2021-03-29T17:11:24Z" finished-at="2021-03-29T17:11:24Z">
          <reporter-output>
          </reporter-output>
        </test-method> <!-- close -->
      </class> <!-- com.appsrd.stepdefinition.login_page_test_cases -->
    </test> <!-- Login_testcase -->
  </suite> <!-- SRDlogistics -->
</testng-results>
